{"total": {"lines":{"total":94,"covered":71,"skipped":0,"pct":75.53},"statements":{"total":94,"covered":71,"skipped":0,"pct":75.53},"functions":{"total":24,"covered":17,"skipped":0,"pct":70.83},"branches":{"total":62,"covered":36,"skipped":0,"pct":58.06}}
,"/Users/ak403602/Desktop/personal projects/easy-validator-js/src/messages.js": {"lines":{"total":1,"covered":1,"skipped":0,"pct":100},"functions":{"total":0,"covered":0,"skipped":0,"pct":100},"statements":{"total":1,"covered":1,"skipped":0,"pct":100},"branches":{"total":0,"covered":0,"skipped":0,"pct":100}}
,"/Users/ak403602/Desktop/personal projects/easy-validator-js/src/validator-js.js": {"lines":{"total":93,"covered":70,"skipped":0,"pct":75.27},"functions":{"total":24,"covered":17,"skipped":0,"pct":70.83},"statements":{"total":93,"covered":70,"skipped":0,"pct":75.27},"branches":{"total":62,"covered":36,"skipped":0,"pct":58.06}}
}
