TN:
SF:/Users/ak403602/Desktop/personal projects/easy-validator-js/src/messages.js
FNF:0
FNH:0
DA:1,1
LF:1
LH:1
BRF:0
BRH:0
end_of_record
TN:
SF:/Users/ak403602/Desktop/personal projects/easy-validator-js/src/validator-js.js
FN:8,Validator
FN:11,(anonymous_1)
FN:26,(anonymous_2)
FN:29,(anonymous_3)
FN:37,(anonymous_4)
FN:79,encodeStringWithSpecialChars
FN:96,decodeStringWithSpecialChars
FN:112,getValidationForProperty
FN:131,isRequired
FN:140,max
FN:147,min
FN:154,isEmail
FN:166,isAlpha
FN:190,isAlphaNumeric
FN:208,isNumber
FN:221,maxValue
FN:234,minValue
FN:244,passwordMatch
FN:251,shouldNotMatch
FN:257,isDate
FN:269,isMobile
FN:280,isValidWithRegex
FN:294,isUrl
FN:314,isValidUserName
FNF:24
FNH:17
FNDA:1,Validator
FNDA:14,(anonymous_1)
FNDA:30,(anonymous_2)
FNDA:30,(anonymous_3)
FNDA:30,(anonymous_4)
FNDA:30,encodeStringWithSpecialChars
FNDA:26,decodeStringWithSpecialChars
FNDA:30,getValidationForProperty
FNDA:5,isRequired
FNDA:2,max
FNDA:2,min
FNDA:2,isEmail
FNDA:4,isAlpha
FNDA:4,isAlphaNumeric
FNDA:0,isNumber
FNDA:0,maxValue
FNDA:0,minValue
FNDA:0,passwordMatch
FNDA:0,shouldNotMatch
FNDA:0,isDate
FNDA:0,isMobile
FNDA:4,isValidWithRegex
FNDA:3,isUrl
FNDA:4,isValidUserName
DA:10,1
DA:11,1
DA:12,14
DA:26,1
DA:27,30
DA:29,30
DA:32,30
DA:35,30
DA:37,30
DA:41,30
DA:44,2
DA:45,2
DA:47,2
DA:49,2
DA:50,2
DA:51,2
DA:56,28
DA:58,28
DA:59,12
DA:60,12
DA:63,16
DA:68,30
DA:82,30
DA:86,30
DA:88,30
DA:99,26
DA:102,26
DA:104,26
DA:115,30
DA:117,30
DA:123,16
DA:125,16
DA:127,14
DA:132,5
DA:134,5
DA:135,2
DA:141,2
DA:142,2
DA:143,1
DA:148,2
DA:149,2
DA:150,1
DA:155,2
DA:156,2
DA:157,1
DA:167,4
DA:168,4
DA:171,4
DA:174,4
DA:175,3
DA:179,4
DA:180,2
DA:191,4
DA:192,4
DA:195,4
DA:198,4
DA:199,3
DA:202,4
DA:203,2
DA:209,0
DA:210,0
DA:211,0
DA:212,0
DA:222,0
DA:223,0
DA:224,0
DA:225,0
DA:235,0
DA:236,0
DA:237,0
DA:238,0
DA:239,0
DA:245,0
DA:246,0
DA:252,0
DA:253,0
DA:258,0
DA:259,0
DA:260,0
DA:270,0
DA:271,0
DA:272,0
DA:282,4
DA:284,4
DA:285,2
DA:295,3
DA:297,3
DA:298,3
DA:300,3
DA:301,1
DA:315,4
DA:316,4
DA:317,2
LF:93
LH:70
BRDA:10,0,0,1
BRDA:10,0,1,0
BRDA:41,1,0,2
BRDA:41,1,1,28
BRDA:49,2,0,2
BRDA:49,2,1,0
BRDA:58,3,0,12
BRDA:58,3,1,16
BRDA:117,4,0,16
BRDA:117,4,1,14
BRDA:134,5,0,2
BRDA:134,5,1,3
BRDA:142,6,0,1
BRDA:142,6,1,1
BRDA:149,7,0,1
BRDA:149,7,1,1
BRDA:156,8,0,1
BRDA:156,8,1,1
BRDA:166,9,0,0
BRDA:168,10,0,4
BRDA:168,10,1,0
BRDA:174,11,0,3
BRDA:174,11,1,1
BRDA:179,12,0,2
BRDA:179,12,1,2
BRDA:190,13,0,0
BRDA:192,14,0,4
BRDA:192,14,1,0
BRDA:198,15,0,3
BRDA:198,15,1,1
BRDA:202,16,0,2
BRDA:202,16,1,2
BRDA:210,17,0,0
BRDA:210,17,1,0
BRDA:211,18,0,0
BRDA:211,18,1,0
BRDA:223,19,0,0
BRDA:223,19,1,0
BRDA:224,20,0,0
BRDA:224,20,1,0
BRDA:237,21,0,0
BRDA:237,21,1,0
BRDA:238,22,0,0
BRDA:238,22,1,0
BRDA:245,23,0,0
BRDA:245,23,1,0
BRDA:252,24,0,0
BRDA:252,24,1,0
BRDA:259,25,0,0
BRDA:259,25,1,0
BRDA:271,26,0,0
BRDA:271,26,1,0
BRDA:284,27,0,2
BRDA:284,27,1,2
BRDA:300,28,0,1
BRDA:300,28,1,2
BRDA:300,29,0,3
BRDA:300,29,1,2
BRDA:316,30,0,2
BRDA:316,30,1,2
BRDA:316,31,0,4
BRDA:316,31,1,3
BRF:62
BRH:36
end_of_record
